<?xml version="1.0" encoding="UTF-8"?>
<!-- Generated by org.testng.reporters.JUnitReportReporter -->
<testsuite skipped="0" hostname="INCHXL31CE76767" name="A1" tests="1" failures="0" timestamp="10 Apr 2020 14:41:07 GMT" time="0.006" errors="0">
  <testcase name="test" time="0.006" classname="A1"/>
</testsuite> <!-- A1 -->
